[debug] [2021-09-15T08:30:53.105Z] ----------------------------------------------------------------------
[debug] [2021-09-15T08:30:53.106Z] Command:       /usr/local/bin/node /Users/connordirks/.npm-global/bin/firebase init
[debug] [2021-09-15T08:30:53.106Z] CLI Version:   9.18.0
[debug] [2021-09-15T08:30:53.106Z] Platform:      darwin
[debug] [2021-09-15T08:30:53.106Z] Node Version:  v14.16.1
[debug] [2021-09-15T08:30:53.107Z] Time:          Wed Sep 15 2021 04:30:53 GMT-0400 (Eastern Daylight Time)
[debug] [2021-09-15T08:30:53.107Z] ----------------------------------------------------------------------
[debug] 
[debug] [2021-09-15T08:30:53.155Z] > command requires scopes: ["email","openid","https://www.googleapis.com/auth/cloudplatformprojects.readonly","https://www.googleapis.com/auth/firebase","https://www.googleapis.com/auth/cloud-platform"]
[debug] [2021-09-15T08:30:53.155Z] > authorizing via signed-in user (dirks.connor4@gmail.com)
[info] 
     ######## #### ########  ######## ########     ###     ######  ########
     ##        ##  ##     ## ##       ##     ##  ##   ##  ##       ##
     ######    ##  ########  ######   ########  #########  ######  ######
     ##        ##  ##    ##  ##       ##     ## ##     ##       ## ##
     ##       #### ##     ## ######## ########  ##     ##  ######  ########

You're about to initialize a Firebase project in this directory:

  /Users/connordirks/sei/projects/algobagrs

Before we get started, keep in mind:

  * You are initializing within an existing Firebase project directory

[info] 
=== Project Setup
[info] 
[info] First, let's associate this project directory with a Firebase project.
[info] You can create multiple project aliases by running firebase use --add, 
[info] but for now we'll just set up a default project.
[info] 
[info] i  .firebaserc already has a default project, using fir-auth-23724. 
[debug] [2021-09-15T08:31:17.242Z] > refreshing access token with scopes: []
[debug] [2021-09-15T08:31:17.243Z] >>> HTTP REQUEST POST https://www.googleapis.com/oauth2/v3/token  
 <request body omitted>
[debug] [2021-09-15T08:31:17.411Z] <<< HTTP RESPONSE 200 {"pragma":"no-cache","expires":"Mon, 01 Jan 1990 00:00:00 GMT","cache-control":"no-cache, no-store, max-age=0, must-revalidate","date":"Wed, 15 Sep 2021 08:31:17 GMT","content-type":"application/json; charset=utf-8","vary":"X-Origin, Referer, Origin,Accept-Encoding","server":"scaffolding on HTTPServer2","x-xss-protection":"0","x-frame-options":"SAMEORIGIN","x-content-type-options":"nosniff","alt-svc":"h3=\":443\"; ma=2592000,h3-29=\":443\"; ma=2592000,h3-T051=\":443\"; ma=2592000,h3-Q050=\":443\"; ma=2592000,h3-Q046=\":443\"; ma=2592000,h3-Q043=\":443\"; ma=2592000,quic=\":443\"; ma=2592000; v=\"46,43\"","accept-ranges":"none","transfer-encoding":"chunked"}
[debug] [2021-09-15T08:31:17.460Z] >>> [apiv2][query] GET https://firebase.googleapis.com/v1beta1/projects/fir-auth-23724 [none]
[debug] [2021-09-15T08:31:17.788Z] <<< [apiv2][status] GET https://firebase.googleapis.com/v1beta1/projects/fir-auth-23724 200
[debug] [2021-09-15T08:31:17.789Z] <<< [apiv2][body] GET https://firebase.googleapis.com/v1beta1/projects/fir-auth-23724 {"projectId":"fir-auth-23724","projectNumber":"325249601963","displayName":"fir-auth-23724","name":"projects/fir-auth-23724","resources":{"hostingSite":"fir-auth-23724"},"state":"ACTIVE"}
[info] 
=== Hosting:github Setup
[info] 
[info] i  Detected a .git folder at /Users/connordirks/sei/projects/algobagrs 
[info] i  Authorizing with GitHub to upload your service account to a GitHub repository's secrets store. 
[info] 
[info] Visit this URL on this device to log in:
[info] https://github.com/login/oauth/authorize?client_id=89cf50f02ac6aaed3484&state=571810821&redirect_uri=http%3A%2F%2Flocalhost%3A9005&scope=read%3Auser%20repo%20public_repo
[info] 
[info] Waiting for authentication...
[debug] [2021-09-15T08:31:18.237Z] >>> HTTP REQUEST POST https://github.com/login/oauth/access_token  
 {"client_id":"89cf50f02ac6aaed3484","client_secret":"3330d14abc895d9a74d5f17cd7a00711fa2c5bf0","code":"4c7f5be254f05f20f597","redirect_uri":"http://localhost:9005","state":"571810821"}
[debug] [2021-09-15T08:31:18.421Z] <<< HTTP RESPONSE 200 {"server":"GitHub.com","date":"Wed, 15 Sep 2021 08:31:18 GMT","content-type":"application/json; charset=utf-8","transfer-encoding":"chunked","vary":"X-PJAX, X-PJAX-Container, Accept-Encoding, Accept, X-Requested-With","permissions-policy":"interest-cohort=()","etag":"W/\"e63d13b40f578e4772ac07c2ed675f26\"","cache-control":"max-age=0, private, must-revalidate","strict-transport-security":"max-age=31536000; includeSubdomains; preload","x-frame-options":"deny","x-content-type-options":"nosniff","x-xss-protection":"0","referrer-policy":"origin-when-cross-origin, strict-origin-when-cross-origin","expect-ct":"max-age=2592000, report-uri=\"https://api.github.com/_private/browser/errors\"","content-security-policy":"default-src 'none'; base-uri 'self'; block-all-mixed-content; connect-src 'self' uploads.github.com www.githubstatus.com collector.githubapp.com api.github.com github-cloud.s3.amazonaws.com github-production-repository-file-5c1aeb.s3.amazonaws.com github-production-upload-manifest-file-7fdce7.s3.amazonaws.com github-production-user-asset-6210df.s3.amazonaws.com cdn.optimizely.com logx.optimizely.com/v1/events translator.github.com wss://alive.github.com; font-src github.githubassets.com; form-action 'self' github.com gist.github.com; frame-ancestors 'none'; frame-src render.githubusercontent.com viewscreen.githubusercontent.com; img-src 'self' data: github.githubassets.com identicons.github.com collector.githubapp.com github-cloud.s3.amazonaws.com secured-user-images.githubusercontent.com/ *.githubusercontent.com; manifest-src 'self'; media-src github.com user-images.githubusercontent.com/; script-src github.githubassets.com; style-src 'unsafe-inline' github.githubassets.com; worker-src github.com/socket-worker-0af8a29d.js gist.github.com/socket-worker-0af8a29d.js","x-github-request-id":"D10B:633E:2C1A4C4:57C2790:6141AF56"}
[debug] [2021-09-15T08:31:18.426Z] >>> [apiv2][query] GET https://api.github.com/user [none]
[debug] [2021-09-15T08:31:18.682Z] <<< [apiv2][status] GET https://api.github.com/user 200
[debug] [2021-09-15T08:31:18.683Z] <<< [apiv2][body] GET https://api.github.com/user {"login":"cdirks4","id":80544198,"node_id":"MDQ6VXNlcjgwNTQ0MTk4","avatar_url":"https://avatars.githubusercontent.com/u/80544198?v=4","gravatar_id":"","url":"https://api.github.com/users/cdirks4","html_url":"https://github.com/cdirks4","followers_url":"https://api.github.com/users/cdirks4/followers","following_url":"https://api.github.com/users/cdirks4/following{/other_user}","gists_url":"https://api.github.com/users/cdirks4/gists{/gist_id}","starred_url":"https://api.github.com/users/cdirks4/starred{/owner}{/repo}","subscriptions_url":"https://api.github.com/users/cdirks4/subscriptions","organizations_url":"https://api.github.com/users/cdirks4/orgs","repos_url":"https://api.github.com/users/cdirks4/repos","events_url":"https://api.github.com/users/cdirks4/events{/privacy}","received_events_url":"https://api.github.com/users/cdirks4/received_events","type":"User","site_admin":false,"name":null,"company":null,"blog":"","location":null,"email":null,"hireable":null,"bio":null,"twitter_username":null,"public_repos":17,"public_gists":0,"followers":0,"following":0,"created_at":"2021-03-12T19:01:54Z","updated_at":"2021-08-20T18:31:09Z","private_gists":0,"total_private_repos":1,"owned_private_repos":1,"disk_usage":11215,"collaborators":0,"two_factor_authentication":false,"plan":{"name":"free","space":976562499,"collaborators":0,"private_repos":10000}}
[info] 
[info] ✔  Success! Logged into GitHub as cdirks4 
[info] 
